<?xml version="1.0" encoding="UTF-8"?>

<coverage version="1">
  <file path="packages/elastic_package_registry/data_stream/metrics/fields/ecs.yml">
    <lineToCover lineNumber="1" covered="false"></lineToCover>
    <lineToCover lineNumber="2" covered="false"></lineToCover>
    <lineToCover lineNumber="3" covered="false"></lineToCover>
  </file>
</coverage>
