<?xml version="1.0" encoding="UTF-8"?>

<coverage version="1">
  <file path="packages/elastic_package_registry/data_stream/metrics/fields/base-fields.yml">
    <lineToCover lineNumber="1" covered="false"></lineToCover>
    <lineToCover lineNumber="2" covered="false"></lineToCover>
    <lineToCover lineNumber="3" covered="false"></lineToCover>
    <lineToCover lineNumber="4" covered="false"></lineToCover>
    <lineToCover lineNumber="5" covered="true"></lineToCover>
    <lineToCover lineNumber="6" covered="false"></lineToCover>
    <lineToCover lineNumber="7" covered="false"></lineToCover>
    <lineToCover lineNumber="8" covered="false"></lineToCover>
    <lineToCover lineNumber="9" covered="false"></lineToCover>
    <lineToCover lineNumber="10" covered="false"></lineToCover>
    <lineToCover lineNumber="11" covered="false"></lineToCover>
    <lineToCover lineNumber="12" covered="false"></lineToCover>
  </file>
  <file path="packages/elastic_package_registry/data_stream/metrics/fields/ecs.yml">
    <lineToCover lineNumber="1" covered="false"></lineToCover>
    <lineToCover lineNumber="2" covered="false"></lineToCover>
    <lineToCover lineNumber="3" covered="false"></lineToCover>
  </file>
</coverage>
